activity-lifecycle1/app/build/intermediates/manifest_merge_blame_file/debug/manifest-merger-blame-debug-report.txt
1<?xml version="1.0" encoding="utf-8"?>
2<!--
3Copyright (C) 2012 The Android Open Source Project
4
5Licensed under the Apache License, Version 2.0 (the "License");
6you may not use this file except in compliance with the License.
7You may obtain a copy of the License at
8
9     http://www.apache.org/licenses/LICENSE-2.0
10
11Unless required by applicable law or agreed to in writing, software
12distributed under the License is distributed on an "AS IS" BASIS,
13WITHOUT WARRANTIES OR CONDITIONS OF ANY KIND, either express or implied.
14See the License for the specific language governing permissions and
15limitations under the License.
16-->
17<manifest xmlns:android="http://schemas.android.com/apk/res/android"
18    package="com.example.android.lifecycle"
19    android:versionCode="1"
20    android:versionName="1.0" >
21
22    <uses-sdk
22-->src\main\AndroidManifest.xml:22:5-73
23        android:minSdkVersion="21"
23-->src\main\AndroidManifest.xml:22:15-40
24        android:targetSdkVersion="32" />
24-->src\main\AndroidManifest.xml:22:41-70
25
26    <application
26-->src\main\AndroidManifest.xml:23:5-43:19
27        android:debuggable="true"
28        android:icon="@drawable/ic_launcher"
28-->src\main\AndroidManifest.xml:24:18-54
29        android:label="@string/app_name"
29-->src\main\AndroidManifest.xml:23:18-50
30        android:testOnly="true" >
31        <activity
31-->src\main\AndroidManifest.xml:26:9-33:20
32            android:name="com.example.android.lifecycle.ActivityA"
32-->src\main\AndroidManifest.xml:26:19-44
33            android:exported="true"
33-->src\main\AndroidManifest.xml:27:13-36
34            android:launchMode="singleTask" >
34-->src\main\AndroidManifest.xml:28:13-44
35            <intent-filter>
35-->src\main\AndroidManifest.xml:29:13-32:29
36                <action android:name="android.intent.action.MAIN" />
36-->src\main\AndroidManifest.xml:30:17-69
36-->src\main\AndroidManifest.xml:30:25-66
37
38                <category android:name="android.intent.category.LAUNCHER" />
38-->src\main\AndroidManifest.xml:31:17-77
38-->src\main\AndroidManifest.xml:31:27-74
39            </intent-filter>
40        </activity>
41        <activity android:name="com.example.android.lifecycle.ActivityB" />
41-->src\main\AndroidManifest.xml:35:9-47
41-->src\main\AndroidManifest.xml:35:19-44
42        <activity android:name="com.example.android.lifecycle.ActivityC" />
42-->src\main\AndroidManifest.xml:37:9-47
42-->src\main\AndroidManifest.xml:37:19-44
43        <activity
43-->src\main\AndroidManifest.xml:39:9-41:20
44            android:name="com.example.android.lifecycle.DialogActivity"
44-->src\main\AndroidManifest.xml:39:19-49
45            android:theme="@android:style/Theme.Dialog" >
45-->src\main\AndroidManifest.xml:40:19-62
46        </activity>
47    </application>
48
49</manifest>